<?xml version="1.0" encoding="UTF-8"?>
<!-- Generated by org.testng.reporters.JUnitXMLReporter -->
<testsuite hostname="manoj-HP-EliteBook-840-G3" ignored="0" name="Default test" tests="3" failures="0" timestamp="15 Sep 2020 16:08:58 GMT" time="46.826" errors="0">
  <testcase name="verifyPageTitleTest" time="0.039" classname="com.crmautomation.testcases.HomePageTest"/>
  <testcase name="verifyUserTest" time="2.108" classname="com.crmautomation.testcases.HomePageTest"/>
  <testcase name="navigateToContactsPageTest" time="10.439" classname="com.crmautomation.testcases.HomePageTest"/>
</testsuite> <!-- Default test -->
