<?xml version="1.0" encoding="UTF-8"?>
<!-- Generated by org.testng.reporters.JUnitXMLReporter -->
<testsuite hostname="manoj-HP-EliteBook-840-G3" ignored="0" name="Command line test" tests="6" failures="0" timestamp="18 Sep 2020 08:56:47 GMT" time="70.745" errors="0">
  <testcase name="clickOnCheckboxTest" time="3.236" classname="com.crmautomation.testcases.ContactsPageTest"/>
  <testcase name="pageTitleTest" time="0.037" classname="com.crmautomation.testcases.LoginPageTest"/>
  <testcase name="verifyPageTitleTest" time="0.01" classname="com.crmautomation.testcases.HomePageTest"/>
  <testcase name="loginTest" time="6.793" classname="com.crmautomation.testcases.LoginPageTest"/>
  <testcase name="verifyUserTest" time="1.433" classname="com.crmautomation.testcases.HomePageTest"/>
  <testcase name="navigateToContactsPageTest" time="8.14" classname="com.crmautomation.testcases.HomePageTest"/>
</testsuite> <!-- Command line test -->
