<?xml version="1.0" encoding="UTF-8" ?>
<testsuite tests="6" failures="0" name="TestSuite" time="19.652" errors="0" skipped="0">
  <properties>
[...]
</properties>
  <testcase classname="com.crmautomation.testcases.ContactsPageTest" name="clickOnCheckboxTest" time="3.24"/>
  <testcase classname="com.crmautomation.testcases.LoginPageTest" name="pageTitleTest" time="0.037"/>
  <testcase classname="com.crmautomation.testcases.HomePageTest" name="verifyPageTitleTest" time="0.01"/>
  <testcase classname="com.crmautomation.testcases.LoginPageTest" name="loginTest" time="6.793"/>
  <testcase classname="com.crmautomation.testcases.HomePageTest" name="verifyUserTest" time="1.433"/>
  <testcase classname="com.crmautomation.testcases.HomePageTest" name="navigateToContactsPageTest" time="8.139"/>
</testsuite>