<?xml version="1.0" encoding="UTF-8"?>
<!-- Generated by org.testng.reporters.JUnitXMLReporter -->
<testsuite hostname="manoj-HP-EliteBook-840-G3" ignored="0" name="Free CRM Testing" tests="2" failures="0" timestamp="08 Sep 2020 19:31:03 GMT" time="20.479" errors="0">
  <testcase name="clickOnCheckboxTest" time="3.309" classname="com.crmautomation.testcases.ContactsPageTest"/>
  <testcase name="pageTitleTest" time="0.037" classname="com.crmautomation.testcases.LoginPageTest"/>
</testsuite> <!-- Free CRM Testing -->
